{
  "stats": {
    "suites": 1,
    "tests": 7,
    "passes": 5,
    "pending": 0,
    "failures": 2,
    "start": "2021-12-20T22:05:59.893Z",
    "end": "2021-12-20T22:07:54.889Z",
    "duration": 114996,
    "testsRegistered": 7,
    "passPercent": 71.42857142857143,
    "pendingPercent": 0,
    "other": 0,
    "hasOther": false,
    "skipped": 0,
    "hasSkipped": false
  },
  "results": [
    {
      "uuid": "9ae3e5b3-e425-458e-94c6-28d120b79506",
      "title": "",
      "fullFile": "cypress/integration/functionalTest/login.js",
      "file": "cypress/integration/functionalTest/login.js",
      "beforeHooks": [],
      "afterHooks": [],
      "tests": [],
      "suites": [
        {
          "uuid": "f49490ce-7959-46cc-a452-4427a9dae454",
          "title": "Verify the login appliation",
          "fullFile": "",
          "file": "",
          "beforeHooks": [],
          "afterHooks": [],
          "tests": [
            {
              "title": "Login with valid user and password",
              "fullTitle": "Verify the login appliation Login with valid user and password",
              "timedOut": null,
              "duration": 66731,
              "state": "passed",
              "speed": "slow",
              "pass": true,
              "fail": false,
              "pending": false,
              "context": null,
              "code": "cy.title().should('include', 'Login - Depop');\nloginPage.getUsernameField().type(this.data.username);\nloginPage.getPasswordField().type(this.data.password);\nloginPage.getLoginBtn().click();",
              "err": {},
              "uuid": "2d893116-fcb7-4c1d-be79-8b179d8fb964",
              "parentUUID": "f49490ce-7959-46cc-a452-4427a9dae454",
              "isHook": false,
              "skipped": false
            },
            {
              "title": "Login with invalid Username and valid password",
              "fullTitle": "Verify the login appliation Login with invalid Username and valid password",
              "timedOut": null,
              "duration": 3443,
              "state": "failed",
              "speed": null,
              "pass": false,
              "fail": true,
              "pending": false,
              "context": null,
              "code": "loginPage.getUsernameField().clear();\nloginPage.getPasswordField().clear();\nloginPage.getUsernameField().type(this.data.invalidUserName);\nloginPage.getPasswordField().type(this.data.password);\nloginPage.getLoginBtn().click();\ncy.get('p#login__error--server').then(function (element) {\n  const errMsg = element.text();\n  expect(errMsg.includes('Incorrect username or password')).to.be.true;\n});",
              "err": {
                "message": "AssertionError: expected false to be true",
                "estack": "AssertionError: expected false to be true\n    at Context.eval (https://www.depop.com/__cypress/tests?p=cypress\\integration\\functionalTest\\login.js:159:70)",
                "diff": null
              },
              "uuid": "528104f3-f02d-4e6c-acad-f6dc718becd0",
              "parentUUID": "f49490ce-7959-46cc-a452-4427a9dae454",
              "isHook": false,
              "skipped": false
            },
            {
              "title": "Login with valid username and invalid Password",
              "fullTitle": "Verify the login appliation Login with valid username and invalid Password",
              "timedOut": null,
              "duration": 3730,
              "state": "failed",
              "speed": null,
              "pass": false,
              "fail": true,
              "pending": false,
              "context": null,
              "code": "loginPage.getUsernameField().clear();\nloginPage.getPasswordField().clear();\nloginPage.getUsernameField().type(this.data.username);\nloginPage.getPasswordField().type(this.data.invalidPassword);\nloginPage.getLoginBtn().click();\ncy.get('p#login__error--server').then(function (element) {\n  const errMsg = element.text();\n  expect(errMsg.includes('Incorrect username or password')).to.be.true;\n});",
              "err": {
                "message": "AssertionError: expected false to be true",
                "estack": "AssertionError: expected false to be true\n    at Context.eval (https://www.depop.com/__cypress/tests?p=cypress\\integration\\functionalTest\\login.js:170:70)",
                "diff": null
              },
              "uuid": "d127bb4e-f7c3-4e0b-87c1-d215a609b930",
              "parentUUID": "f49490ce-7959-46cc-a452-4427a9dae454",
              "isHook": false,
              "skipped": false
            },
            {
              "title": "Login without username and password",
              "fullTitle": "Verify the login appliation Login without username and password",
              "timedOut": null,
              "duration": 1083,
              "state": "passed",
              "speed": "fast",
              "pass": true,
              "fail": false,
              "pending": false,
              "context": null,
              "code": "loginPage.getUsernameField().clear();\nloginPage.getPasswordField().clear();\nloginPage.getLoginBtn().click();\ncy.get('[data-testid=\"login__error--username\"]').then(function (el) {\n  const errMsg = el.text();\n  expect(errMsg.includes('Username or email is required')).to.be.true;\n});\ncy.get('[data-testid=\"login__error--password\"]').then(function (el) {\n  const errMsg = el.text();\n  expect(errMsg.includes('Password is required')).to.be.true;\n});",
              "err": {},
              "uuid": "b74a16e6-30d1-4381-89d8-6e82dc64a473",
              "parentUUID": "f49490ce-7959-46cc-a452-4427a9dae454",
              "isHook": false,
              "skipped": false
            },
            {
              "title": "Login with password and no username",
              "fullTitle": "Verify the login appliation Login with password and no username",
              "timedOut": null,
              "duration": 12416,
              "state": "passed",
              "speed": "slow",
              "pass": true,
              "fail": false,
              "pending": false,
              "context": null,
              "code": "cy.reload();\nhomePage.getCookieAcceptBtn().click();\nloginPage.getUsernameField().clear();\nloginPage.getPasswordField().clear();\nloginPage.getPasswordField().type(this.data.password);\nloginPage.getLoginBtn().click();\ncy.get('[data-testid=\"login__error--username\"]').then(function (el) {\n  const errMsg = el.text();\n  expect(errMsg.includes('Username or email is required')).to.be.true;\n});",
              "err": {},
              "uuid": "670598de-a048-4d31-9dbb-7469e3be0476",
              "parentUUID": "f49490ce-7959-46cc-a452-4427a9dae454",
              "isHook": false,
              "skipped": false
            },
            {
              "title": "Login with Username and no password",
              "fullTitle": "Verify the login appliation Login with Username and no password",
              "timedOut": null,
              "duration": 5560,
              "state": "passed",
              "speed": "medium",
              "pass": true,
              "fail": false,
              "pending": false,
              "context": null,
              "code": "loginPage.getUsernameField().clear();\nloginPage.getPasswordField().clear();\nloginPage.getUsernameField().type(this.data.username);\nloginPage.getLoginBtn().click();\ncy.get('[data-testid=\"login__error--password\"]').then(function (el) {\n  const errMsg = el.text();\n  expect(errMsg.includes('Password is required')).to.be.true;\n});",
              "err": {},
              "uuid": "a25655fc-834e-472f-a4bc-883288fefa4a",
              "parentUUID": "f49490ce-7959-46cc-a452-4427a9dae454",
              "isHook": false,
              "skipped": false
            },
            {
              "title": "Verify forget password",
              "fullTitle": "Verify the login appliation Verify forget password",
              "timedOut": null,
              "duration": 3929,
              "state": "passed",
              "speed": "fast",
              "pass": true,
              "fail": false,
              "pending": false,
              "context": null,
              "code": "loginPage.getUsernameField().clear();\nloginPage.getPasswordField().clear();\nloginPage.getForgetPasswordLink().click();\ncy.get('.sc-iCoGMd').should('have.text', 'Password Problems?');\npasswordResetPage.getEmailField().type(this.data.email);\npasswordResetPage.getResetSubmitBtn().click();\ncy.get('[data-testid=\"confirmation\"] > .sc-jrsJWt').then(function (el) {\n  const msg = el.text();\n  expect(msg.includes('A message has been sent to you by email')).to.be.true;\n});",
              "err": {},
              "uuid": "97a2ffde-e387-4bf6-b339-a42be2b83b0b",
              "parentUUID": "f49490ce-7959-46cc-a452-4427a9dae454",
              "isHook": false,
              "skipped": false
            }
          ],
          "suites": [],
          "passes": [
            "2d893116-fcb7-4c1d-be79-8b179d8fb964",
            "b74a16e6-30d1-4381-89d8-6e82dc64a473",
            "670598de-a048-4d31-9dbb-7469e3be0476",
            "a25655fc-834e-472f-a4bc-883288fefa4a",
            "97a2ffde-e387-4bf6-b339-a42be2b83b0b"
          ],
          "failures": [
            "528104f3-f02d-4e6c-acad-f6dc718becd0",
            "d127bb4e-f7c3-4e0b-87c1-d215a609b930"
          ],
          "pending": [],
          "skipped": [],
          "duration": 96892,
          "root": false,
          "rootEmpty": false,
          "_timeout": 2000
        }
      ],
      "passes": [],
      "failures": [],
      "pending": [],
      "skipped": [],
      "duration": 0,
      "root": true,
      "rootEmpty": true,
      "_timeout": 2000
    }
  ],
  "meta": {
    "mocha": {
      "version": "7.0.1"
    },
    "mochawesome": {
      "options": {
        "quiet": false,
        "reportFilename": "mochawesome",
        "saveHtml": true,
        "saveJson": true,
        "consoleReporter": "spec",
        "useInlineDiffs": false,
        "code": true
      },
      "version": "7.0.1"
    },
    "marge": {
      "options": null,
      "version": "6.0.1"
    }
  }
}