{
  "stats": {
    "suites": 1,
    "tests": 7,
    "passes": 6,
    "pending": 0,
    "failures": 1,
    "start": "2021-12-20T17:21:10.223Z",
    "end": "2021-12-20T17:22:58.511Z",
    "duration": 108288,
    "testsRegistered": 7,
    "passPercent": 85.71428571428571,
    "pendingPercent": 0,
    "other": 0,
    "hasOther": false,
    "skipped": 0,
    "hasSkipped": false
  },
  "results": [
    {
      "uuid": "5cfd955d-6bcc-4425-b05a-22a6da8a0fbd",
      "title": "",
      "fullFile": "cypress/integration/functionalTest/login.js",
      "file": "cypress/integration/functionalTest/login.js",
      "beforeHooks": [],
      "afterHooks": [],
      "tests": [],
      "suites": [
        {
          "uuid": "5ec7e170-bc17-4c4a-90e1-afb00d0d7138",
          "title": "Verify the login appliation",
          "fullFile": "",
          "file": "",
          "beforeHooks": [],
          "afterHooks": [],
          "tests": [
            {
              "title": "Login with valid user and password",
              "fullTitle": "Verify the login appliation Login with valid user and password",
              "timedOut": null,
              "duration": 51076,
              "state": "passed",
              "speed": "slow",
              "pass": true,
              "fail": false,
              "pending": false,
              "context": null,
              "code": "cy.title().should('include', 'Login - Depop');\nloginPage.getUsernameField().type(this.data.username);\nloginPage.getPasswordField().type(this.data.password);\nloginPage.getLoginBtn().click();",
              "err": {},
              "uuid": "27c44143-cb87-4e4c-8985-1e3dd941795d",
              "parentUUID": "5ec7e170-bc17-4c4a-90e1-afb00d0d7138",
              "isHook": false,
              "skipped": false
            },
            {
              "title": "Login with invalid Username and valid password",
              "fullTitle": "Verify the login appliation Login with invalid Username and valid password",
              "timedOut": null,
              "duration": 9310,
              "state": "passed",
              "speed": "medium",
              "pass": true,
              "fail": false,
              "pending": false,
              "context": null,
              "code": "loginPage.getUsernameField().clear();\nloginPage.getPasswordField().clear();\nloginPage.getUsernameField().type(this.data.invalidUserName);\nloginPage.getPasswordField().type(this.data.password);\nloginPage.getLoginBtn().click();\ncy.get('p#login__error--server').then(function (element) {\n  const errMsg = element.text();\n  expect(errMsg.includes('Incorrect username or password')).to.be.true;\n});",
              "err": {},
              "uuid": "24b343f0-2e12-4ec4-aab5-0f7974f17dfe",
              "parentUUID": "5ec7e170-bc17-4c4a-90e1-afb00d0d7138",
              "isHook": false,
              "skipped": false
            },
            {
              "title": "Login with valid username and invalid Password",
              "fullTitle": "Verify the login appliation Login with valid username and invalid Password",
              "timedOut": null,
              "duration": 3867,
              "state": "failed",
              "speed": null,
              "pass": false,
              "fail": true,
              "pending": false,
              "context": null,
              "code": "loginPage.getUsernameField().clear();\nloginPage.getPasswordField().clear();\nloginPage.getUsernameField().type(this.data.username);\nloginPage.getPasswordField().type(this.data.invalidPassword);\nloginPage.getLoginBtn().click();\ncy.get('p#login__error--server').then(function (element) {\n  const errMsg = element.text();\n  expect(errMsg.includes('Incorrect username or password')).to.be.true;\n});",
              "err": {
                "message": "AssertionError: expected false to be true",
                "estack": "AssertionError: expected false to be true\n    at Context.eval (https://www.depop.com/__cypress/tests?p=cypress\\integration\\functionalTest\\login.js:170:70)",
                "diff": null
              },
              "uuid": "e087a1f4-29bc-4be9-a662-fe1d79dacccf",
              "parentUUID": "5ec7e170-bc17-4c4a-90e1-afb00d0d7138",
              "isHook": false,
              "skipped": false
            },
            {
              "title": "Login without username and password",
              "fullTitle": "Verify the login appliation Login without username and password",
              "timedOut": null,
              "duration": 1177,
              "state": "passed",
              "speed": "fast",
              "pass": true,
              "fail": false,
              "pending": false,
              "context": null,
              "code": "loginPage.getUsernameField().clear();\nloginPage.getPasswordField().clear();\nloginPage.getLoginBtn().click();\ncy.get('[data-testid=\"login__error--username\"]').then(function (el) {\n  const errMsg = el.text();\n  expect(errMsg.includes('Username or email is required')).to.be.true;\n});\ncy.get('[data-testid=\"login__error--password\"]').then(function (el) {\n  const errMsg = el.text();\n  expect(errMsg.includes('Password is required')).to.be.true;\n});",
              "err": {},
              "uuid": "4417b353-0ad4-4790-915a-3c33fcc54ecb",
              "parentUUID": "5ec7e170-bc17-4c4a-90e1-afb00d0d7138",
              "isHook": false,
              "skipped": false
            },
            {
              "title": "Login with password and no username",
              "fullTitle": "Verify the login appliation Login with password and no username",
              "timedOut": null,
              "duration": 12406,
              "state": "passed",
              "speed": "slow",
              "pass": true,
              "fail": false,
              "pending": false,
              "context": null,
              "code": "cy.reload();\nhomePage.getCookieAcceptBtn().click();\nloginPage.getUsernameField().clear();\nloginPage.getPasswordField().clear();\nloginPage.getPasswordField().type(this.data.password);\nloginPage.getLoginBtn().click();\ncy.get('[data-testid=\"login__error--username\"]').then(function (el) {\n  const errMsg = el.text();\n  expect(errMsg.includes('Username or email is required')).to.be.true;\n});",
              "err": {},
              "uuid": "89ba075a-eee8-430b-9f30-f2d298173056",
              "parentUUID": "5ec7e170-bc17-4c4a-90e1-afb00d0d7138",
              "isHook": false,
              "skipped": false
            },
            {
              "title": "Login with Username and no password",
              "fullTitle": "Verify the login appliation Login with Username and no password",
              "timedOut": null,
              "duration": 7514,
              "state": "passed",
              "speed": "medium",
              "pass": true,
              "fail": false,
              "pending": false,
              "context": null,
              "code": "loginPage.getUsernameField().clear();\nloginPage.getPasswordField().clear();\nloginPage.getUsernameField().type(this.data.username);\nloginPage.getLoginBtn().click();\ncy.get('[data-testid=\"login__error--password\"]').then(function (el) {\n  const errMsg = el.text();\n  expect(errMsg.includes('Password is required')).to.be.true;\n});",
              "err": {},
              "uuid": "c1c64929-b1bc-4345-80f1-11c848555886",
              "parentUUID": "5ec7e170-bc17-4c4a-90e1-afb00d0d7138",
              "isHook": false,
              "skipped": false
            },
            {
              "title": "Verify forget password",
              "fullTitle": "Verify the login appliation Verify forget password",
              "timedOut": null,
              "duration": 4366,
              "state": "passed",
              "speed": "fast",
              "pass": true,
              "fail": false,
              "pending": false,
              "context": null,
              "code": "loginPage.getUsernameField().clear();\nloginPage.getPasswordField().clear();\nloginPage.getForgetPasswordLink().click();\ncy.get('.sc-iCoGMd').should('have.text', 'Password Problems?');\npasswordResetPage.getEmailField().type(this.data.email);\npasswordResetPage.getResetSubmitBtn().click();\ncy.get('[data-testid=\"confirmation\"] > .sc-jrsJWt').then(function (el) {\n  const msg = el.text();\n  expect(msg.includes('A message has been sent to you by email')).to.be.true;\n});",
              "err": {},
              "uuid": "5e05cacd-2177-4c48-9c6b-2a86bc97c452",
              "parentUUID": "5ec7e170-bc17-4c4a-90e1-afb00d0d7138",
              "isHook": false,
              "skipped": false
            }
          ],
          "suites": [],
          "passes": [
            "27c44143-cb87-4e4c-8985-1e3dd941795d",
            "24b343f0-2e12-4ec4-aab5-0f7974f17dfe",
            "4417b353-0ad4-4790-915a-3c33fcc54ecb",
            "89ba075a-eee8-430b-9f30-f2d298173056",
            "c1c64929-b1bc-4345-80f1-11c848555886",
            "5e05cacd-2177-4c48-9c6b-2a86bc97c452"
          ],
          "failures": [
            "e087a1f4-29bc-4be9-a662-fe1d79dacccf"
          ],
          "pending": [],
          "skipped": [],
          "duration": 89716,
          "root": false,
          "rootEmpty": false,
          "_timeout": 2000
        }
      ],
      "passes": [],
      "failures": [],
      "pending": [],
      "skipped": [],
      "duration": 0,
      "root": true,
      "rootEmpty": true,
      "_timeout": 2000
    }
  ],
  "meta": {
    "mocha": {
      "version": "7.0.1"
    },
    "mochawesome": {
      "options": {
        "quiet": false,
        "reportFilename": "mochawesome",
        "saveHtml": true,
        "saveJson": true,
        "consoleReporter": "spec",
        "useInlineDiffs": false,
        "code": true
      },
      "version": "7.0.1"
    },
    "marge": {
      "options": null,
      "version": "6.0.1"
    }
  }
}