{
  "stats": {
    "suites": 1,
    "tests": 7,
    "passes": 6,
    "pending": 0,
    "failures": 1,
    "start": "2021-12-20T15:36:42.775Z",
    "end": "2021-12-20T15:38:31.919Z",
    "duration": 109144,
    "testsRegistered": 7,
    "passPercent": 85.71428571428571,
    "pendingPercent": 0,
    "other": 0,
    "hasOther": false,
    "skipped": 0,
    "hasSkipped": false
  },
  "results": [
    {
      "uuid": "9197d596-e28d-4c3f-baf4-d2af72b86937",
      "title": "",
      "fullFile": "cypress/integration/functionalTest/login.js",
      "file": "cypress/integration/functionalTest/login.js",
      "beforeHooks": [],
      "afterHooks": [],
      "tests": [],
      "suites": [
        {
          "uuid": "8b857936-5f4c-4433-964f-4a9965f6e8a7",
          "title": "Verify the login appliation",
          "fullFile": "",
          "file": "",
          "beforeHooks": [],
          "afterHooks": [],
          "tests": [
            {
              "title": "Login with valid user and password",
              "fullTitle": "Verify the login appliation Login with valid user and password",
              "timedOut": null,
              "duration": 14070,
              "state": "failed",
              "speed": null,
              "pass": false,
              "fail": true,
              "pending": false,
              "context": null,
              "code": "// cy.visit(Cypress.env('url'))\n// cy.url().should('include', 'https://www.depop.com/')\n// homePage.getLogo().should('have.text', 'Depop')\n// homePage.getCookieAcceptBtn().click()\n// cy.title().should('include', 'Depop - buy, sell, discover unique fashion')\nhomePage.getLoginLink().click();\ncy.title().should('include', 'Depop - buy, sell, discover unique fashion');\nloginPage.getUsernameField().type(this.data.username);\nloginPage.getPasswordField().type(this.data.password);\nloginPage.getLoginBtn().click();",
              "err": {
                "message": "AssertionError: Timed out retrying after 8000ms: expected 'Login - Depop' to include 'Depop - buy, sell, discover unique fashion'",
                "estack": "AssertionError: Timed out retrying after 8000ms: expected 'Login - Depop' to include 'Depop - buy, sell, discover unique fashion'\n    at Context.eval (https://www.depop.com/__cypress/tests?p=cypress\\integration\\functionalTest\\login.js:152:16)",
                "diff": null
              },
              "uuid": "6fa1c798-62c3-4a9b-ab6a-b8d77c63a500",
              "parentUUID": "8b857936-5f4c-4433-964f-4a9965f6e8a7",
              "isHook": false,
              "skipped": false
            },
            {
              "title": "Login with invalid Username and valid password",
              "fullTitle": "Verify the login appliation Login with invalid Username and valid password",
              "timedOut": null,
              "duration": 3043,
              "state": "passed",
              "speed": "fast",
              "pass": true,
              "fail": false,
              "pending": false,
              "context": null,
              "code": "// cy.visit(Cypress.env('url'))\n// cy.url().should('include', 'https://www.depop.com/')\n// homePage.getLogo().should('have.text', 'Depop')\n// homePage.getCookieAcceptBtn().click()\n// cy.title().should('include', 'Depop - buy, sell, discover unique fashion')\n// homePage.getLoginLink().click()\nloginPage.getUsernameField().clear();\nloginPage.getPasswordField().clear();\nloginPage.getUsernameField().type(this.data.invalidUserName);\nloginPage.getPasswordField().type(this.data.password);\nloginPage.getLoginBtn().click();\ncy.get('p#login__error--server').then(function (element) {\n  const errMsg = element.text();\n  expect(errMsg.includes('Incorrect username or password')).to.be.true;\n});",
              "err": {},
              "uuid": "27f9fe04-7e65-43db-92f0-bbf57e41a894",
              "parentUUID": "8b857936-5f4c-4433-964f-4a9965f6e8a7",
              "isHook": false,
              "skipped": false
            },
            {
              "title": "Login with valid username and invalid Password",
              "fullTitle": "Verify the login appliation Login with valid username and invalid Password",
              "timedOut": null,
              "duration": 2617,
              "state": "passed",
              "speed": "fast",
              "pass": true,
              "fail": false,
              "pending": false,
              "context": null,
              "code": "// cy.visit(Cypress.env('url'))\n// cy.url().should('include', 'https://www.depop.com/')\n// homePage.getLogo().should('have.text', 'Depop')\n// homePage.getCookieAcceptBtn().click()\n// cy.title().should('include', 'Depop - buy, sell, discover unique fashion')\n// homePage.getLoginLink().click()\nloginPage.getUsernameField().clear();\nloginPage.getPasswordField().clear();\nloginPage.getUsernameField().type(this.data.username);\nloginPage.getPasswordField().type(this.data.invalidPassword);\nloginPage.getLoginBtn().click();\ncy.get('p#login__error--server').then(function (element) {\n  const errMsg = element.text();\n  expect(errMsg.includes('Incorrect username or password')).to.be.true;\n});",
              "err": {},
              "uuid": "13e9e386-5e59-4286-8f04-8102757a38c6",
              "parentUUID": "8b857936-5f4c-4433-964f-4a9965f6e8a7",
              "isHook": false,
              "skipped": false
            },
            {
              "title": "Login without username and password",
              "fullTitle": "Verify the login appliation Login without username and password",
              "timedOut": null,
              "duration": 1108,
              "state": "passed",
              "speed": "fast",
              "pass": true,
              "fail": false,
              "pending": false,
              "context": null,
              "code": "// cy.visit(Cypress.env('url'))\n// cy.url().should('include', 'https://www.depop.com/')\n// homePage.getLogo().should('have.text', 'Depop')\n// homePage.getCookieAcceptBtn().click()\n// cy.title().should('include', 'Depop - buy, sell, discover unique fashion')\n// homePage.getLoginLink().click()\nloginPage.getUsernameField().clear();\nloginPage.getPasswordField().clear();\nloginPage.getLoginBtn().click();\ncy.get('[data-testid=\"login__error--username\"]').then(function (el) {\n  const errMsg = el.text();\n  expect(errMsg.includes('Username or email is required')).to.be.true;\n});\ncy.get('[data-testid=\"login__error--password\"]').then(function (el) {\n  const errMsg = el.text();\n  expect(errMsg.includes('Password is required')).to.be.true;\n});",
              "err": {},
              "uuid": "6fd48841-4aeb-41de-bb69-9a5c08d9bf9f",
              "parentUUID": "8b857936-5f4c-4433-964f-4a9965f6e8a7",
              "isHook": false,
              "skipped": false
            },
            {
              "title": "Login with password and no username",
              "fullTitle": "Verify the login appliation Login with password and no username",
              "timedOut": null,
              "duration": 16483,
              "state": "passed",
              "speed": "slow",
              "pass": true,
              "fail": false,
              "pending": false,
              "context": null,
              "code": "// cy.visit(Cypress.env('url'))\n// cy.url().should('include', 'https://www.depop.com/')\n// homePage.getLogo().should('have.text', 'Depop')\n// homePage.getCookieAcceptBtn().click()\n// cy.title().should('include', 'Depop - buy, sell, discover unique fashion')\n// homePage.getLoginLink().click()\ncy.reload();\nhomePage.getCookieAcceptBtn().click();\nloginPage.getUsernameField().clear();\nloginPage.getPasswordField().clear(); // loginPage.getUsernameField().type(this.data.username)\nloginPage.getPasswordField().type(this.data.password);\nloginPage.getLoginBtn().click();\ncy.get('[data-testid=\"login__error--username\"]').then(function (el) {\n  const errMsg = el.text();\n  expect(errMsg.includes('Username or email is required')).to.be.true;\n});",
              "err": {},
              "uuid": "f86603a3-b339-4db2-b576-7eda8be6e7e8",
              "parentUUID": "8b857936-5f4c-4433-964f-4a9965f6e8a7",
              "isHook": false,
              "skipped": false
            },
            {
              "title": "Login with Username and no password",
              "fullTitle": "Verify the login appliation Login with Username and no password",
              "timedOut": null,
              "duration": 5787,
              "state": "passed",
              "speed": "medium",
              "pass": true,
              "fail": false,
              "pending": false,
              "context": null,
              "code": "// cy.visit(Cypress.env('url'))\n// cy.url().should('include', 'https://www.depop.com/')\n// homePage.getLogo().should('have.text', 'Depop')\n// homePage.getCookieAcceptBtn().click()\n// cy.title().should('include', 'Depop - buy, sell, discover unique fashion')\n// homePage.getLoginLink().click({force: true})\nloginPage.getUsernameField().clear();\nloginPage.getPasswordField().clear();\nloginPage.getUsernameField().type(this.data.username); // loginPage.getPasswordField().type(this.data.password)\nloginPage.getLoginBtn().click();\ncy.get('[data-testid=\"login__error--password\"]').then(function (el) {\n  const errMsg = el.text();\n  expect(errMsg.includes('Password is required')).to.be.true;\n});",
              "err": {},
              "uuid": "d6be317d-a568-4e94-a403-12971e550bea",
              "parentUUID": "8b857936-5f4c-4433-964f-4a9965f6e8a7",
              "isHook": false,
              "skipped": false
            },
            {
              "title": "Verify forget password",
              "fullTitle": "Verify the login appliation Verify forget password",
              "timedOut": null,
              "duration": 3783,
              "state": "passed",
              "speed": "fast",
              "pass": true,
              "fail": false,
              "pending": false,
              "context": null,
              "code": "// cy.visit(Cypress.env('url'))\n// cy.url().should('include', 'https://www.depop.com/')\n// homePage.getLogo().should('have.text', 'Depop')\n// homePage.getCookieAcceptBtn().click()\n// cy.title().should('include', 'Depop - buy, sell, discover unique fashion')\n// homePage.getLoginLink().click({force: true})\nloginPage.getUsernameField().clear();\nloginPage.getPasswordField().clear();\nloginPage.getForgetPasswordLink().click();\ncy.get('.sc-iCoGMd').should('have.text', 'Password Problems?');\npasswordResetPage.getEmailField().type(this.data.email);\npasswordResetPage.getResetSubmitBtn().click();",
              "err": {},
              "uuid": "86121656-418d-4f4e-855a-d3a86f10a929",
              "parentUUID": "8b857936-5f4c-4433-964f-4a9965f6e8a7",
              "isHook": false,
              "skipped": false
            }
          ],
          "suites": [],
          "passes": [
            "27f9fe04-7e65-43db-92f0-bbf57e41a894",
            "13e9e386-5e59-4286-8f04-8102757a38c6",
            "6fd48841-4aeb-41de-bb69-9a5c08d9bf9f",
            "f86603a3-b339-4db2-b576-7eda8be6e7e8",
            "d6be317d-a568-4e94-a403-12971e550bea",
            "86121656-418d-4f4e-855a-d3a86f10a929"
          ],
          "failures": [
            "6fa1c798-62c3-4a9b-ab6a-b8d77c63a500"
          ],
          "pending": [],
          "skipped": [],
          "duration": 46891,
          "root": false,
          "rootEmpty": false,
          "_timeout": 2000
        }
      ],
      "passes": [],
      "failures": [],
      "pending": [],
      "skipped": [],
      "duration": 0,
      "root": true,
      "rootEmpty": true,
      "_timeout": 2000
    }
  ],
  "meta": {
    "mocha": {
      "version": "7.0.1"
    },
    "mochawesome": {
      "options": {
        "quiet": false,
        "reportFilename": "mochawesome",
        "saveHtml": true,
        "saveJson": true,
        "consoleReporter": "spec",
        "useInlineDiffs": false,
        "code": true
      },
      "version": "7.0.1"
    },
    "marge": {
      "options": null,
      "version": "6.0.1"
    }
  }
}